<?xml version="1.0" encoding="UTF-8"?>
<testsuite name="runner.Runner" tests="0" skipped="0" failures="0" errors="0" timestamp="1970-01-01T00:00:00" hostname="LAPTOP-6N9OQL9L" time="0.0">
  <properties/>
  <system-out><![CDATA[
3 Scenarios (3 passed)
72 Steps (72 passed)
4m9.328s

]]></system-out>
  <system-err><![CDATA[]]></system-err>
</testsuite>
